2016-07-02 21:34:14.2677 | TMS.Web.Controllers.ActivitiesController | INFO | Deleting activity 10  
2016-07-02 21:34:14.4096 | TMS.Web.Controllers.ActivitiesController | INFO | Deleted activity 10  
2016-07-02 21:49:48.6515 | TMS.Web.Controllers.ActivitiesController | INFO | Deleting activity 7  
2016-07-02 21:49:48.7827 | TMS.Web.Controllers.ActivitiesController | INFO | Deleted activity 7  
2016-07-02 21:51:12.9096 | TMS.Web.Controllers.ActivitiesController | INFO | Deleting activity 11  
2016-07-02 21:51:13.0312 | TMS.Web.Controllers.ActivitiesController | INFO | Deleted activity 11  
2016-07-02 21:51:44.5669 | TMS.Web.Controllers.ActivitiesController | INFO | Saving area 12: Finish crud of activities  
2016-07-02 21:51:44.6220 | TMS.Web.Controllers.ActivitiesController | ERROR | Failed to save changes to area 12.    at TMS.ApplicationLayer.Activities.ActivityCreator.GetArea(ActivityPageModelBase model, IAreaKey areaKey) in G:\TMS.Web\src\TMS.ApplicationLayer\Activities\ActivityCreator.cs:line 91
   at TMS.ApplicationLayer.Activities.ActivityCreator.Create(Tuple`2 input) in G:\TMS.Web\src\TMS.ApplicationLayer\Activities\ActivityCreator.cs:line 68
   at TMS.Web.Controllers.ActivitiesController.<Edit>d__15.MoveNext() in G:\TMS.Web\src\TMS.Web\Controllers\ActivitiesController.cs:line 154 
2016-07-02 21:52:39.0054 | TMS.Web.Controllers.ActivitiesController | INFO | Saving area 12: Finish crud of activities 2  
2016-07-02 21:52:39.0294 | TMS.Web.Controllers.ActivitiesController | ERROR | Failed to save changes to area 12.    at TMS.ApplicationLayer.Activities.ActivityCreator.GetArea(ActivityPageModelBase model, IAreaKey areaKey) in G:\TMS.Web\src\TMS.ApplicationLayer\Activities\ActivityCreator.cs:line 91
   at TMS.ApplicationLayer.Activities.ActivityCreator.Create(Tuple`2 input) in G:\TMS.Web\src\TMS.ApplicationLayer\Activities\ActivityCreator.cs:line 68
   at TMS.Web.Controllers.ActivitiesController.<Edit>d__15.MoveNext() in G:\TMS.Web\src\TMS.Web\Controllers\ActivitiesController.cs:line 154 
2016-07-02 21:53:57.0984 | TMS.Web.Controllers.ActivitiesController | INFO | Saving area 12: Finish crud of activities  
2016-07-02 21:53:57.1115 | TMS.Web.Controllers.ActivitiesController | ERROR | Failed to save changes to area 12.    at TMS.ApplicationLayer.Activities.ActivityCreator.GetArea(ActivityPageModelBase model, IAreaKey areaKey) in G:\TMS.Web\src\TMS.ApplicationLayer\Activities\ActivityCreator.cs:line 91
   at TMS.ApplicationLayer.Activities.ActivityCreator.Create(Tuple`2 input) in G:\TMS.Web\src\TMS.ApplicationLayer\Activities\ActivityCreator.cs:line 68
   at TMS.Web.Controllers.ActivitiesController.<Edit>d__15.MoveNext() in G:\TMS.Web\src\TMS.Web\Controllers\ActivitiesController.cs:line 154 
2016-07-02 21:54:26.3956 | TMS.Web.Controllers.ActivitiesController | INFO | Saving area 12: Finish crud of activities  
2016-07-02 21:54:26.4296 | TMS.Web.Controllers.ActivitiesController | ERROR | Failed to save changes to area 12.    at TMS.ApplicationLayer.Activities.ActivityCreator.GetArea(ActivityPageModelBase model, IAreaKey areaKey) in G:\TMS.Web\src\TMS.ApplicationLayer\Activities\ActivityCreator.cs:line 91
   at TMS.ApplicationLayer.Activities.ActivityCreator.Create(Tuple`2 input) in G:\TMS.Web\src\TMS.ApplicationLayer\Activities\ActivityCreator.cs:line 68
   at TMS.Web.Controllers.ActivitiesController.<Edit>d__15.MoveNext() in G:\TMS.Web\src\TMS.Web\Controllers\ActivitiesController.cs:line 154 
2016-07-02 21:54:44.1630 | TMS.Web.Controllers.ActivitiesController | INFO | Saving area 12: Finish crud of activities  
2016-07-02 21:54:56.6316 | TMS.Web.Controllers.ActivitiesController | ERROR | Failed to save changes to area 12.    at TMS.ApplicationLayer.Activities.ActivityCreator.GetArea(ActivityPageModelBase model, IAreaKey areaKey) in G:\TMS.Web\src\TMS.ApplicationLayer\Activities\ActivityCreator.cs:line 91
   at TMS.ApplicationLayer.Activities.ActivityCreator.Create(Tuple`2 input) in G:\TMS.Web\src\TMS.ApplicationLayer\Activities\ActivityCreator.cs:line 68
   at TMS.Web.Controllers.ActivitiesController.<Edit>d__15.MoveNext() in G:\TMS.Web\src\TMS.Web\Controllers\ActivitiesController.cs:line 154 
2016-07-02 21:56:49.4245 | TMS.Web.Controllers.ActivitiesController | INFO | Saving area 3: Finish crud of activities  
2016-07-02 21:56:49.5987 | TMS.Web.Controllers.ActivitiesController | INFO | Saved area 3: Finish crud of activities  
2016-07-02 21:58:36.7228 | TMS.Web.Controllers.ActivitiesController | INFO | Deleting activity 13  
2016-07-02 21:58:36.8456 | TMS.Web.Controllers.ActivitiesController | INFO | Deleted activity 13  
2016-07-02 21:58:41.3314 | TMS.Web.Controllers.ActivitiesController | INFO | Saving area 3: Finish crud of activities  
2016-07-02 21:58:41.4344 | TMS.Web.Controllers.ActivitiesController | INFO | Saved area 3: Finish crud of activities  
2016-07-02 21:58:45.6143 | TMS.Web.Controllers.ActivitiesController | INFO | Deleting activity 14  
2016-07-02 21:58:45.6343 | TMS.Web.Controllers.ActivitiesController | INFO | Deleted activity 14  
2016-07-02 22:01:27.7302 | TMS.Web.Controllers.ActivitiesController | INFO | Saving area 3: Finish crud of activities  
2016-07-02 22:02:11.4557 | TMS.Web.Controllers.ActivitiesController | INFO | Saved area 3: Finish crud of activities  
2016-07-02 22:05:04.5698 | TMS.Web.Controllers.ActivitiesController | INFO | Deleting activity 15  
2016-07-02 22:05:04.6960 | TMS.Web.Controllers.ActivitiesController | INFO | Deleted activity 15  
2016-07-02 22:05:14.9569 | TMS.Web.Controllers.ActivitiesController | INFO | Saving area 3: Finish crud of activities  
2016-07-02 22:05:15.0199 | TMS.Web.Controllers.ActivitiesController | INFO | Saved area 3: Finish crud of activities  
2016-07-02 22:05:22.4242 | TMS.Web.Controllers.ActivitiesController | INFO | Saving area 3: Finish crud of activities  
2016-07-02 22:05:22.4482 | TMS.Web.Controllers.ActivitiesController | INFO | Saved area 3: Finish crud of activities  
2016-07-02 22:12:23.9081 | TMS.Web.Controllers.ActivitiesController | INFO | Saving area 3: New  
2016-07-02 22:12:23.9281 | TMS.Web.Controllers.ActivitiesController | INFO | Saved area 3: New  
2016-07-02 22:14:23.5718 | TMS.Web.Controllers.ActivitiesController | INFO | Deleting activity 16  
2016-07-02 22:14:23.6939 | TMS.Web.Controllers.ActivitiesController | INFO | Deleted activity 16  
2016-07-02 22:14:32.3014 | TMS.Web.Controllers.ActivitiesController | INFO | Saving area 3: new  
2016-07-02 22:14:32.3224 | TMS.Web.Controllers.ActivitiesController | INFO | Saved area 3: new  
2016-07-02 22:14:36.0202 | TMS.Web.Controllers.ActivitiesController | INFO | Deleting activity 17  
2016-07-02 22:14:36.0372 | TMS.Web.Controllers.ActivitiesController | INFO | Deleted activity 17  
2016-07-02 22:15:56.1311 | TMS.Web.Controllers.ActivitiesController | INFO | Saving area 3: new  
2016-07-02 22:16:25.1997 | TMS.Web.Controllers.ActivitiesController | INFO | Saved area 3: new  
2016-07-02 22:17:32.3556 | TMS.Web.Controllers.ActivitiesController | INFO | Deleting activity 18  
2016-07-02 22:17:32.4773 | TMS.Web.Controllers.ActivitiesController | INFO | Deleted activity 18  
2016-07-02 22:17:41.0967 | TMS.Web.Controllers.ActivitiesController | INFO | Saving area 3: new  
2016-07-02 22:17:41.1217 | TMS.Web.Controllers.ActivitiesController | INFO | Saved area 3: new  
2016-07-02 22:18:25.0669 | TMS.Web.Controllers.ActivitiesController | INFO | Deleting activity 19  
2016-07-02 22:18:25.0669 | TMS.Web.Controllers.ActivitiesController | INFO | Deleted activity 19  
2016-07-02 22:18:36.1608 | TMS.Web.Controllers.AreasController | INFO | Saving area 3: Task Management System 2  
2016-07-02 22:18:36.1848 | TMS.Web.Controllers.AreasController | INFO | Saved area 3: Task Management System 2  
2016-07-02 22:18:44.6278 | TMS.Web.Controllers.AreasController | INFO | Saving area 3: Task Management System  
2016-07-02 22:18:44.6518 | TMS.Web.Controllers.AreasController | INFO | Saved area 3: Task Management System  
2016-07-02 22:19:40.5025 | TMS.Web.Controllers.ActivitiesController | INFO | Saving area 3: Finish crud of activities  
2016-07-02 22:19:40.6221 | TMS.Web.Controllers.ActivitiesController | INFO | Saved area 3: Finish crud of activities  
2016-07-02 22:20:05.5976 | TMS.Web.Controllers.ActivitiesController | INFO | Deleting activity 20  
2016-07-02 22:20:05.6316 | TMS.Web.Controllers.ActivitiesController | INFO | Deleted activity 20  
2016-07-02 22:21:42.9560 | TMS.Web.Controllers.ActivitiesController | INFO | Deleting activity 21  
2016-07-02 22:21:42.9730 | TMS.Web.Controllers.ActivitiesController | INFO | Deleted activity 21  
2016-07-02 22:22:47.8167 | TMS.Web.Controllers.ActivitiesController | INFO | Deleting activity 22  
2016-07-02 22:22:47.8167 | TMS.Web.Controllers.ActivitiesController | INFO | Deleted activity 22  
2016-07-02 22:22:57.9412 | TMS.Web.Controllers.AreasController | INFO | Saving area 13: Cooking  
2016-07-02 22:22:57.9772 | TMS.Web.Controllers.AreasController | INFO | Saved area 13: Cooking  
2016-07-02 22:23:55.5182 | TMS.Web.Controllers.AccountController | INFO | User logged out.  
2016-07-02 22:23:59.3167 | TMS.Web.Controllers.AccountController | INFO | User logged in.  
2016-07-02 22:24:07.9239 | TMS.Web.Controllers.AccountController | INFO | User logged out.  
2016-07-02 22:24:19.2209 | TMS.Web.Controllers.AccountController | INFO | User logged in.  
