2016-06-29 20:35:52.0083|Microsoft.Extensions.DependencyInjection.DataProtectionServices|INFO|User profile is available. Using 'C:\Users\Jack\AppData\Local\ASP.NET\DataProtection-Keys' as key repository and Windows DPAPI to encrypt keys at rest. 
2016-06-29 20:35:52.1255|Microsoft.AspNetCore.Hosting.Internal.WebHost|DEBUG|Hosting starting 
2016-06-29 20:35:52.2364|Microsoft.AspNetCore.Hosting.Internal.WebHost|DEBUG|Hosting started 
2016-06-29 20:35:52.2915|Microsoft.AspNetCore.Server.Kestrel|DEBUG|Connection id "0HKT0AIAC5BD7" started. 
2016-06-29 20:35:52.3843|Microsoft.AspNetCore.Hosting.Internal.WebHost|INFO|Request starting HTTP/1.1 GET http://localhost:3576/   
2016-06-29 20:35:52.4644|Microsoft.AspNetCore.StaticFiles.StaticFileMiddleware|DEBUG|The request path / does not match a supported file type 
2016-06-29 20:35:52.5025|Microsoft.AspNetCore.DataProtection.KeyManagement.KeyRingBasedDataProtector|TRACE|Performing unprotect operation to key {55c92def-3ff2-4d01-b50a-5178147a8809} with purposes ('G:\TMS.Web\src\TMS.Web', 'Microsoft.AspNetCore.Authentication.Cookies.CookieAuthenticationMiddleware', 'Identity.Application', 'v2'). 
2016-06-29 20:35:52.5185|Microsoft.AspNetCore.DataProtection.Repositories.FileSystemXmlRepository|DEBUG|Reading data from file 'C:\Users\Jack\AppData\Local\ASP.NET\DataProtection-Keys\key-55c92def-3ff2-4d01-b50a-5178147a8809.xml'. 
2016-06-29 20:35:52.5354|Microsoft.AspNetCore.DataProtection.KeyManagement.XmlKeyManager|DEBUG|Found key {55c92def-3ff2-4d01-b50a-5178147a8809}. 
2016-06-29 20:35:52.5525|Microsoft.AspNetCore.DataProtection.KeyManagement.DefaultKeyResolver|DEBUG|Considering key {55c92def-3ff2-4d01-b50a-5178147a8809} with expiration date 2016-09-07 20:57:05Z as default key. 
2016-06-29 20:35:52.5645|Microsoft.AspNetCore.DataProtection.XmlEncryption.DpapiXmlDecryptor|DEBUG|Decrypting secret element using Windows DPAPI. 
2016-06-29 20:35:52.5645|Microsoft.AspNetCore.DataProtection.AuthenticatedEncryption.ConfigurationModel.CngCbcAuthenticatedEncryptorDescriptor|DEBUG|Opening CNG algorithm 'AES' from provider '' with chaining mode CBC. 
2016-06-29 20:35:52.5875|Microsoft.AspNetCore.DataProtection.AuthenticatedEncryption.ConfigurationModel.CngCbcAuthenticatedEncryptorDescriptor|DEBUG|Opening CNG algorithm 'SHA256' from provider '' with HMAC. 
2016-06-29 20:35:52.6005|Microsoft.AspNetCore.DataProtection.KeyManagement.KeyRingProvider|DEBUG|Using key {55c92def-3ff2-4d01-b50a-5178147a8809} as the default key. 
2016-06-29 20:35:53.5398|Microsoft.EntityFrameworkCore.Query.Internal.SqlServerQueryCompilationContextFactory|DEBUG|Compiling query model: 'from PersonEntity u in value(Microsoft.EntityFrameworkCore.Query.Internal.EntityQueryable`1[TMS.Database.Entities.People.PersonEntity]) where [u].Id.Equals(__id_0) select [u] => FirstOrDefault()' 
2016-06-29 20:35:53.5721|Microsoft.EntityFrameworkCore.Query.Internal.SqlServerQueryCompilationContextFactory|DEBUG|Optimized query model: 'from PersonEntity u in value(Microsoft.EntityFrameworkCore.Query.Internal.EntityQueryable`1[TMS.Database.Entities.People.PersonEntity]) where [u].Id.Equals(__id_0) select [u] => FirstOrDefault()' 
2016-06-29 20:35:53.8460|Microsoft.EntityFrameworkCore.Query.Internal.SqlServerQueryCompilationContextFactory|DEBUG|TRACKED: True
(QueryContext queryContext) => IAsyncEnumerable<PersonEntity> _ToSequence(
    task: Task<PersonEntity> _FirstOrDefault(
        source: IAsyncEnumerable<PersonEntity> _ShapedQuery(
            queryContext: queryContext, 
            shaperCommandContext: SelectExpression: 
                SELECT TOP(1) [u].[Id], [u].[AccessFailedCount], [u].[ConcurrencyStamp], [u].[Email], [u].[EmailConfirmed], [u].[FirstName], [u].[LastName], [u].[LockoutEnabled], [u].[LockoutEnd], [u].[NormalizedEmail], [u].[NormalizedUserName], [u].[PasswordHash], [u].[PhoneNumber], [u].[PhoneNumberConfirmed], [u].[SecurityStamp], [u].[TwoFactorEnabled], [u].[UserName]
                FROM [AspNetUsers] AS [u]
                WHERE [u].[Id] = @__id_0
            , 
            shaper: UnbufferedEntityShaper<PersonEntity>
        )
        , 
        cancellationToken: queryContext.CancellationToken
    )
)
 
2016-06-29 20:35:53.9305|Microsoft.EntityFrameworkCore.Storage.Internal.SqlServerConnection|DEBUG|Opening connection to database 'tms_new' on server 'JACK\SQLEXPRESS'. 
2016-06-29 20:35:54.4493|Microsoft.EntityFrameworkCore.Storage.Internal.RelationalCommandBuilderFactory|INFO|Executed DbCommand (75ms) [Parameters=[@__id_0='?'], CommandType='Text', CommandTimeout='30']
SELECT TOP(1) [u].[Id], [u].[AccessFailedCount], [u].[ConcurrencyStamp], [u].[Email], [u].[EmailConfirmed], [u].[FirstName], [u].[LastName], [u].[LockoutEnabled], [u].[LockoutEnd], [u].[NormalizedEmail], [u].[NormalizedUserName], [u].[PasswordHash], [u].[PhoneNumber], [u].[PhoneNumberConfirmed], [u].[SecurityStamp], [u].[TwoFactorEnabled], [u].[UserName]
FROM [AspNetUsers] AS [u]
WHERE [u].[Id] = @__id_0 
2016-06-29 20:35:54.5744|Microsoft.EntityFrameworkCore.Storage.Internal.SqlServerConnection|DEBUG|Closing connection to database 'tms_new' on server 'JACK\SQLEXPRESS'. 
2016-06-29 20:35:54.6716|Microsoft.EntityFrameworkCore.Query.Internal.SqlServerQueryCompilationContextFactory|DEBUG|Compiling query model: 'from IdentityUserRole`1 userRole in value(Microsoft.EntityFrameworkCore.Query.Internal.EntityQueryable`1[Microsoft.AspNetCore.Identity.EntityFrameworkCore.IdentityUserRole`1[System.Int64]]) join IdentityRole`1 role in value(Microsoft.EntityFrameworkCore.Query.Internal.EntityQueryable`1[Microsoft.AspNetCore.Identity.EntityFrameworkCore.IdentityRole`1[System.Int64]]) on [userRole].RoleId equals [role].Id where [userRole].UserId.Equals(__userId_0) select [role].Name' 
2016-06-29 20:35:54.6796|Microsoft.EntityFrameworkCore.Query.Internal.SqlServerQueryCompilationContextFactory|DEBUG|Optimized query model: 'from IdentityUserRole`1 userRole in value(Microsoft.EntityFrameworkCore.Query.Internal.EntityQueryable`1[Microsoft.AspNetCore.Identity.EntityFrameworkCore.IdentityUserRole`1[System.Int64]]) join IdentityRole`1 role in value(Microsoft.EntityFrameworkCore.Query.Internal.EntityQueryable`1[Microsoft.AspNetCore.Identity.EntityFrameworkCore.IdentityRole`1[System.Int64]]) on [userRole].RoleId equals [role].Id where [userRole].UserId.Equals(__userId_0) select [role].Name' 
2016-06-29 20:35:54.7246|Microsoft.EntityFrameworkCore.Query.Internal.SqlServerQueryCompilationContextFactory|DEBUG|TRACKED: True
(QueryContext queryContext) => IAsyncEnumerable<string> _Select(
    source: IAsyncEnumerable<TransparentIdentifier<ValueBuffer, ValueBuffer>> _ShapedQuery(
        queryContext: queryContext, 
        shaperCommandContext: SelectExpression: 
            SELECT [role].[Name]
            FROM [AspNetUserRoles] AS [userRole]
            INNER JOIN [AspNetRoles] AS [role] ON [userRole].[RoleId] = [role].[Id]
            WHERE [userRole].[UserId] = @__userId_0
        , 
        shaper: CompositeShaper`3
    )
    , 
    selector: (TransparentIdentifier<ValueBuffer, ValueBuffer> t0) => (string) object t0.Inner.get_Item(0)
)
 
2016-06-29 20:35:54.7246|Microsoft.EntityFrameworkCore.Storage.Internal.SqlServerConnection|DEBUG|Opening connection to database 'tms_new' on server 'JACK\SQLEXPRESS'. 
2016-06-29 20:35:54.7508|Microsoft.EntityFrameworkCore.Storage.Internal.RelationalCommandBuilderFactory|INFO|Executed DbCommand (5ms) [Parameters=[@__userId_0='?'], CommandType='Text', CommandTimeout='30']
SELECT [role].[Name]
FROM [AspNetUserRoles] AS [userRole]
INNER JOIN [AspNetRoles] AS [role] ON [userRole].[RoleId] = [role].[Id]
WHERE [userRole].[UserId] = @__userId_0 
2016-06-29 20:35:54.7568|Microsoft.EntityFrameworkCore.Storage.Internal.SqlServerConnection|DEBUG|Closing connection to database 'tms_new' on server 'JACK\SQLEXPRESS'. 
2016-06-29 20:35:54.7728|Microsoft.EntityFrameworkCore.Query.Internal.SqlServerQueryCompilationContextFactory|DEBUG|Compiling query model: 'from IdentityUserClaim`1 uc in value(Microsoft.EntityFrameworkCore.Query.Internal.EntityQueryable`1[Microsoft.AspNetCore.Identity.EntityFrameworkCore.IdentityUserClaim`1[System.Int64]]) where [uc].UserId.Equals(__user_Id_0) select [uc].ToClaim()' 
2016-06-29 20:35:54.7728|Microsoft.EntityFrameworkCore.Query.Internal.SqlServerQueryCompilationContextFactory|DEBUG|Optimized query model: 'from IdentityUserClaim`1 uc in value(Microsoft.EntityFrameworkCore.Query.Internal.EntityQueryable`1[Microsoft.AspNetCore.Identity.EntityFrameworkCore.IdentityUserClaim`1[System.Int64]]) where [uc].UserId.Equals(__user_Id_0) select [uc].ToClaim()' 
2016-06-29 20:35:54.7888|Microsoft.EntityFrameworkCore.Query.Internal.SqlServerQueryCompilationContextFactory|DEBUG|TRACKED: True
(QueryContext queryContext) => IAsyncEnumerable<Claim> _Select(
    source: IAsyncEnumerable<IdentityUserClaim<long>> _ShapedQuery(
        queryContext: queryContext, 
        shaperCommandContext: SelectExpression: 
            SELECT [uc].[Id], [uc].[ClaimType], [uc].[ClaimValue], [uc].[UserId]
            FROM [AspNetUserClaims] AS [uc]
            WHERE [uc].[UserId] = @__user_Id_0
        , 
        shaper: UnbufferedEntityShaper<IdentityUserClaim`1>
    )
    , 
    selector: (IdentityUserClaim<long> uc) => Claim uc.ToClaim()
)
 
2016-06-29 20:35:54.7888|Microsoft.EntityFrameworkCore.Storage.Internal.SqlServerConnection|DEBUG|Opening connection to database 'tms_new' on server 'JACK\SQLEXPRESS'. 
2016-06-29 20:35:54.7998|Microsoft.EntityFrameworkCore.Storage.Internal.RelationalCommandBuilderFactory|INFO|Executed DbCommand (1ms) [Parameters=[@__user_Id_0='?'], CommandType='Text', CommandTimeout='30']
SELECT [uc].[Id], [uc].[ClaimType], [uc].[ClaimValue], [uc].[UserId]
FROM [AspNetUserClaims] AS [uc]
WHERE [uc].[UserId] = @__user_Id_0 
2016-06-29 20:35:54.7998|Microsoft.EntityFrameworkCore.Storage.Internal.SqlServerConnection|DEBUG|Closing connection to database 'tms_new' on server 'JACK\SQLEXPRESS'. 
2016-06-29 20:35:54.7998|Microsoft.AspNetCore.Authentication.Cookies.CookieAuthenticationMiddleware|INFO|HttpContext.User merged via AutomaticAuthentication from authenticationScheme: Identity.Application. 
2016-06-29 20:35:55.0196|Microsoft.AspNetCore.Routing.RouteBase|DEBUG|Request successfully matched the route with name 'default' and template '{controller=Home}/{action=Index}/{id?}'. 
2016-06-29 20:35:55.1092|Microsoft.AspNetCore.Mvc.Internal.ControllerActionInvoker|DEBUG|Executing action TMS.Web.Controllers.HomeController.Index (TMS.Web) 
2016-06-29 20:35:55.1853|Microsoft.AspNetCore.Mvc.Internal.ControllerActionInvoker|INFO|Executing action method TMS.Web.Controllers.HomeController.Index (TMS.Web) with arguments () - ModelState is Valid 
2016-06-29 20:35:55.1953|Microsoft.AspNetCore.Mvc.Internal.ControllerActionInvoker|DEBUG|Executed action method TMS.Web.Controllers.HomeController.Index (TMS.Web), returned result Microsoft.AspNetCore.Mvc.ViewResult. 
2016-06-29 20:35:55.3891|Microsoft.AspNetCore.Mvc.Razor.RazorViewEngine|DEBUG|View lookup cache miss for view 'Index' in controller 'Home'. 
2016-06-29 20:35:55.4142|Microsoft.AspNetCore.Mvc.Razor.Internal.RazorCompilationService|DEBUG|Code generation for the Razor file at '/Views/Home/Index.cshtml' started. 
2016-06-29 20:35:55.7680|Microsoft.AspNetCore.Mvc.Razor.Internal.RazorCompilationService|DEBUG|Code generation for the Razor file at '/Views/Home/Index.cshtml' completed in 344.5988ms. 
2016-06-29 20:35:55.7680|Microsoft.AspNetCore.Mvc.Razor.Internal.DefaultRoslynCompilationService|DEBUG|Compilation of the generated code for the Razor file at '/Views/Home/Index.cshtml' started. 
2016-06-29 20:35:57.3114|Microsoft.AspNetCore.Mvc.Razor.Internal.DefaultRoslynCompilationService|DEBUG|Compilation of the generated code for the Razor file at '/Views/Home/Index.cshtml' completed in 1526.688ms. 
2016-06-29 20:35:57.3245|Microsoft.AspNetCore.Mvc.Razor.Internal.RazorCompilationService|DEBUG|Code generation for the Razor file at '/Views/_ViewStart.cshtml' started. 
2016-06-29 20:35:57.3325|Microsoft.AspNetCore.Mvc.Razor.Internal.RazorCompilationService|DEBUG|Code generation for the Razor file at '/Views/_ViewStart.cshtml' completed in 4.7641ms. 
2016-06-29 20:35:57.3325|Microsoft.AspNetCore.Mvc.Razor.Internal.DefaultRoslynCompilationService|DEBUG|Compilation of the generated code for the Razor file at '/Views/_ViewStart.cshtml' started. 
2016-06-29 20:35:57.3746|Microsoft.AspNetCore.Mvc.Razor.Internal.DefaultRoslynCompilationService|DEBUG|Compilation of the generated code for the Razor file at '/Views/_ViewStart.cshtml' completed in 33.8144ms. 
2016-06-29 20:35:57.3866|Microsoft.AspNetCore.Mvc.ViewFeatures.Internal.ViewResultExecutor|DEBUG|The view 'Index' was found. 
2016-06-29 20:35:57.3926|Microsoft.AspNetCore.Mvc.ViewFeatures.Internal.ViewResultExecutor|INFO|Executing ViewResult, running view at path /Views/Home/Index.cshtml. 
2016-06-29 20:35:57.5208|Microsoft.AspNetCore.Mvc.Razor.RazorViewEngine|DEBUG|View lookup cache miss for view '_Layout' in controller 'Home'. 
2016-06-29 20:35:57.5594|Microsoft.AspNetCore.Mvc.Razor.Internal.RazorCompilationService|DEBUG|Code generation for the Razor file at '/Views/Shared/_Layout.cshtml' started. 
2016-06-29 20:35:57.7391|Microsoft.AspNetCore.Mvc.Razor.Internal.RazorCompilationService|DEBUG|Code generation for the Razor file at '/Views/Shared/_Layout.cshtml' completed in 172.7348ms. 
2016-06-29 20:35:57.7391|Microsoft.AspNetCore.Mvc.Razor.Internal.DefaultRoslynCompilationService|DEBUG|Compilation of the generated code for the Razor file at '/Views/Shared/_Layout.cshtml' started. 
2016-06-29 20:35:57.9435|Microsoft.AspNetCore.Mvc.Razor.Internal.DefaultRoslynCompilationService|DEBUG|Compilation of the generated code for the Razor file at '/Views/Shared/_Layout.cshtml' completed in 196.8695ms. 
2016-06-29 20:35:58.0717|Microsoft.AspNetCore.Mvc.Razor.RazorViewEngine|DEBUG|View lookup cache miss for view '_LoginPartial' in controller 'Home'. 
2016-06-29 20:35:58.0983|Microsoft.AspNetCore.Mvc.Razor.Internal.RazorCompilationService|DEBUG|Code generation for the Razor file at '/Views/Shared/_LoginPartial.cshtml' started. 
2016-06-29 20:35:58.1343|Microsoft.AspNetCore.Mvc.Razor.Internal.RazorCompilationService|DEBUG|Code generation for the Razor file at '/Views/Shared/_LoginPartial.cshtml' completed in 33.3147ms. 
2016-06-29 20:35:58.1343|Microsoft.AspNetCore.Mvc.Razor.Internal.DefaultRoslynCompilationService|DEBUG|Compilation of the generated code for the Razor file at '/Views/Shared/_LoginPartial.cshtml' started. 
2016-06-29 20:35:58.1829|Microsoft.AspNetCore.Mvc.Razor.Internal.DefaultRoslynCompilationService|DEBUG|Compilation of the generated code for the Razor file at '/Views/Shared/_LoginPartial.cshtml' completed in 42.7186ms. 
2016-06-29 20:35:58.2169|Microsoft.AspNetCore.DataProtection.KeyManagement.KeyRingBasedDataProtector|TRACE|Performing unprotect operation to key {55c92def-3ff2-4d01-b50a-5178147a8809} with purposes ('G:\TMS.Web\src\TMS.Web', 'Microsoft.AspNetCore.Antiforgery.AntiforgeryToken.v1'). 
2016-06-29 20:35:58.2329|Microsoft.AspNetCore.DataProtection.KeyManagement.KeyRingBasedDataProtector|TRACE|Performing protect operation to key {55c92def-3ff2-4d01-b50a-5178147a8809} with purposes ('G:\TMS.Web\src\TMS.Web', 'Microsoft.AspNetCore.Antiforgery.AntiforgeryToken.v1'). 
2016-06-29 20:35:58.2404|Microsoft.AspNetCore.Antiforgery.Internal.DefaultAntiforgery|DEBUG|An antiforgery cookie token was reused. 
2016-06-29 20:35:58.3901|Microsoft.AspNetCore.Mvc.Internal.ControllerActionInvoker|INFO|Executed action TMS.Web.Controllers.HomeController.Index (TMS.Web) in 3276.3205ms 
2016-06-29 20:35:58.4102|Microsoft.AspNetCore.DataProtection.KeyManagement.KeyRingBasedDataProtector|TRACE|Performing protect operation to key {55c92def-3ff2-4d01-b50a-5178147a8809} with purposes ('G:\TMS.Web\src\TMS.Web', 'Microsoft.AspNetCore.Authentication.Cookies.CookieAuthenticationMiddleware', 'Identity.Application', 'v2'). 
2016-06-29 20:35:58.5473|Microsoft.AspNetCore.Hosting.Internal.WebHost|INFO|Request finished in 6182.885ms 200 text/html; charset=utf-8 
2016-06-29 20:35:58.5584|Microsoft.AspNetCore.Server.Kestrel|DEBUG|Connection id "0HKT0AIAC5BD7" completed keep alive response. 
2016-06-29 20:36:00.7852|Microsoft.AspNetCore.Hosting.Internal.WebHost|INFO|Request starting HTTP/1.1 GET http://localhost:3576/Areas   
2016-06-29 20:36:00.7852|Microsoft.AspNetCore.StaticFiles.StaticFileMiddleware|DEBUG|The request path /Areas does not match a supported file type 
2016-06-29 20:36:00.7852|Microsoft.AspNetCore.DataProtection.KeyManagement.KeyRingBasedDataProtector|TRACE|Performing unprotect operation to key {55c92def-3ff2-4d01-b50a-5178147a8809} with purposes ('G:\TMS.Web\src\TMS.Web', 'Microsoft.AspNetCore.Authentication.Cookies.CookieAuthenticationMiddleware', 'Identity.Application', 'v2'). 
2016-06-29 20:36:00.8000|Microsoft.AspNetCore.Authentication.Cookies.CookieAuthenticationMiddleware|INFO|HttpContext.User merged via AutomaticAuthentication from authenticationScheme: Identity.Application. 
2016-06-29 20:36:00.8000|Microsoft.AspNetCore.Routing.RouteBase|DEBUG|Request successfully matched the route with name 'default' and template '{controller=Home}/{action=Index}/{id?}'. 
2016-06-29 20:36:00.8000|Microsoft.AspNetCore.Mvc.Internal.ControllerActionInvoker|DEBUG|Executing action TMS.Web.Controllers.AreasController.Index (TMS.Web) 
2016-06-29 20:36:00.8330|Microsoft.AspNetCore.Authorization.DefaultAuthorizationService|INFO|Authorization was successful for user: jrhiston@gmail.com. 
2016-06-29 20:36:00.9352|Microsoft.AspNetCore.Mvc.Internal.ControllerActionInvoker|INFO|Executing action method TMS.Web.Controllers.AreasController.Index (TMS.Web) with arguments () - ModelState is Valid 
2016-06-29 20:36:00.9747|Microsoft.EntityFrameworkCore.Storage.Internal.SqlServerConnection|DEBUG|Opening connection to database 'tms_new' on server 'JACK\SQLEXPRESS'. 
2016-06-29 20:36:00.9882|Microsoft.EntityFrameworkCore.Storage.Internal.RelationalCommandBuilderFactory|INFO|Executed DbCommand (0ms) [Parameters=[@__id_0='?'], CommandType='Text', CommandTimeout='30']
SELECT TOP(1) [u].[Id], [u].[AccessFailedCount], [u].[ConcurrencyStamp], [u].[Email], [u].[EmailConfirmed], [u].[FirstName], [u].[LastName], [u].[LockoutEnabled], [u].[LockoutEnd], [u].[NormalizedEmail], [u].[NormalizedUserName], [u].[PasswordHash], [u].[PhoneNumber], [u].[PhoneNumberConfirmed], [u].[SecurityStamp], [u].[TwoFactorEnabled], [u].[UserName]
FROM [AspNetUsers] AS [u]
WHERE [u].[Id] = @__id_0 
2016-06-29 20:36:00.9882|Microsoft.EntityFrameworkCore.Storage.Internal.SqlServerConnection|DEBUG|Closing connection to database 'tms_new' on server 'JACK\SQLEXPRESS'. 
2016-06-29 20:36:01.1770|Microsoft.AspNetCore.Mvc.Internal.ControllerActionInvoker|DEBUG|Executed action method TMS.Web.Controllers.AreasController.Index (TMS.Web), returned result Microsoft.AspNetCore.Mvc.ViewResult. 
2016-06-29 20:36:01.1770|Microsoft.AspNetCore.Mvc.Razor.RazorViewEngine|DEBUG|View lookup cache miss for view 'Index' in controller 'Areas'. 
2016-06-29 20:36:01.2105|Microsoft.AspNetCore.Mvc.Razor.Internal.RazorCompilationService|DEBUG|Code generation for the Razor file at '/Views/Areas/Index.cshtml' started. 
2016-06-29 20:36:01.2355|Microsoft.AspNetCore.Mvc.Razor.Internal.RazorCompilationService|DEBUG|Code generation for the Razor file at '/Views/Areas/Index.cshtml' completed in 21.0593ms. 
2016-06-29 20:36:01.2406|Microsoft.AspNetCore.Mvc.Razor.Internal.DefaultRoslynCompilationService|DEBUG|Compilation of the generated code for the Razor file at '/Views/Areas/Index.cshtml' started. 
2016-06-29 20:36:01.3297|Microsoft.AspNetCore.Mvc.Razor.Internal.DefaultRoslynCompilationService|DEBUG|Compilation of the generated code for the Razor file at '/Views/Areas/Index.cshtml' completed in 85.3113ms. 
2016-06-29 20:36:01.3347|Microsoft.AspNetCore.Mvc.ViewFeatures.Internal.ViewResultExecutor|DEBUG|The view 'Index' was found. 
2016-06-29 20:36:01.3347|Microsoft.AspNetCore.Mvc.ViewFeatures.Internal.ViewResultExecutor|INFO|Executing ViewResult, running view at path /Views/Areas/Index.cshtml. 
2016-06-29 20:36:01.3637|Microsoft.AspNetCore.Mvc.Razor.RazorViewEngine|DEBUG|View lookup cache miss for view '_Layout' in controller 'Areas'. 
2016-06-29 20:36:01.3637|Microsoft.AspNetCore.Mvc.Razor.RazorViewEngine|DEBUG|View lookup cache miss for view '_LoginPartial' in controller 'Areas'. 
2016-06-29 20:36:01.3637|Microsoft.AspNetCore.DataProtection.KeyManagement.KeyRingBasedDataProtector|TRACE|Performing unprotect operation to key {55c92def-3ff2-4d01-b50a-5178147a8809} with purposes ('G:\TMS.Web\src\TMS.Web', 'Microsoft.AspNetCore.Antiforgery.AntiforgeryToken.v1'). 
2016-06-29 20:36:01.3782|Microsoft.AspNetCore.DataProtection.KeyManagement.KeyRingBasedDataProtector|TRACE|Performing protect operation to key {55c92def-3ff2-4d01-b50a-5178147a8809} with purposes ('G:\TMS.Web\src\TMS.Web', 'Microsoft.AspNetCore.Antiforgery.AntiforgeryToken.v1'). 
2016-06-29 20:36:01.3782|Microsoft.AspNetCore.Antiforgery.Internal.DefaultAntiforgery|DEBUG|An antiforgery cookie token was reused. 
2016-06-29 20:36:01.3782|Microsoft.AspNetCore.Mvc.Internal.ControllerActionInvoker|INFO|Executed action TMS.Web.Controllers.AreasController.Index (TMS.Web) in 575.0844ms 
2016-06-29 20:36:01.3973|Microsoft.AspNetCore.Hosting.Internal.WebHost|INFO|Request finished in 612.5146ms 200 text/html; charset=utf-8 
2016-06-29 20:36:01.3973|Microsoft.AspNetCore.Server.Kestrel|DEBUG|Connection id "0HKT0AIAC5BD7" completed keep alive response. 
2016-06-29 20:36:02.7672|Microsoft.AspNetCore.Hosting.Internal.WebHost|INFO|Request starting HTTP/1.1 GET http://localhost:3576/Areas/Details/3   
2016-06-29 20:36:02.7672|Microsoft.AspNetCore.StaticFiles.StaticFileMiddleware|DEBUG|The request path /Areas/Details/3 does not match a supported file type 
2016-06-29 20:36:02.7672|Microsoft.AspNetCore.DataProtection.KeyManagement.KeyRingBasedDataProtector|TRACE|Performing unprotect operation to key {55c92def-3ff2-4d01-b50a-5178147a8809} with purposes ('G:\TMS.Web\src\TMS.Web', 'Microsoft.AspNetCore.Authentication.Cookies.CookieAuthenticationMiddleware', 'Identity.Application', 'v2'). 
2016-06-29 20:36:02.7672|Microsoft.AspNetCore.Authentication.Cookies.CookieAuthenticationMiddleware|INFO|HttpContext.User merged via AutomaticAuthentication from authenticationScheme: Identity.Application. 
2016-06-29 20:36:02.7853|Microsoft.AspNetCore.Routing.RouteBase|DEBUG|Request successfully matched the route with name 'default' and template '{controller=Home}/{action=Index}/{id?}'. 
2016-06-29 20:36:02.7853|Microsoft.AspNetCore.Mvc.Internal.ControllerActionInvoker|DEBUG|Executing action TMS.Web.Controllers.AreasController.Details (TMS.Web) 
2016-06-29 20:36:02.7853|Microsoft.AspNetCore.Authorization.DefaultAuthorizationService|INFO|Authorization was successful for user: jrhiston@gmail.com. 
2016-06-29 20:36:02.8751|Microsoft.AspNetCore.Mvc.Internal.ControllerActionInvoker|INFO|Executing action method TMS.Web.Controllers.AreasController.Details (TMS.Web) with arguments (3) - ModelState is Valid 
2016-06-29 20:36:03.1180|Microsoft.AspNetCore.Mvc.Internal.ControllerActionInvoker|DEBUG|Executed action method TMS.Web.Controllers.AreasController.Details (TMS.Web), returned result Microsoft.AspNetCore.Mvc.ViewResult. 
2016-06-29 20:36:03.1180|Microsoft.AspNetCore.Mvc.Razor.RazorViewEngine|DEBUG|View lookup cache miss for view 'Details' in controller 'Areas'. 
2016-06-29 20:36:03.1471|Microsoft.AspNetCore.Mvc.Razor.Internal.RazorCompilationService|DEBUG|Code generation for the Razor file at '/Views/Areas/Details.cshtml' started. 
2016-06-29 20:36:03.1591|Microsoft.AspNetCore.Mvc.Razor.Internal.RazorCompilationService|DEBUG|Code generation for the Razor file at '/Views/Areas/Details.cshtml' completed in 5.4899ms. 
2016-06-29 20:36:03.1591|Microsoft.AspNetCore.Mvc.Razor.Internal.DefaultRoslynCompilationService|DEBUG|Compilation of the generated code for the Razor file at '/Views/Areas/Details.cshtml' started. 
2016-06-29 20:36:03.2411|Microsoft.AspNetCore.Mvc.Razor.Internal.DefaultRoslynCompilationService|DEBUG|Compilation of the generated code for the Razor file at '/Views/Areas/Details.cshtml' completed in 73.6505ms. 
2016-06-29 20:36:03.2411|Microsoft.AspNetCore.Mvc.ViewFeatures.Internal.ViewResultExecutor|DEBUG|The view 'Details' was found. 
2016-06-29 20:36:03.2411|Microsoft.AspNetCore.Mvc.ViewFeatures.Internal.ViewResultExecutor|INFO|Executing ViewResult, running view at path /Views/Areas/Details.cshtml. 
2016-06-29 20:36:03.3112|Microsoft.AspNetCore.Mvc.ViewComponents.DefaultViewComponentInvoker|DEBUG|Executing view component TMS.Web.Components.Activities.ActivityList with arguments (TMS.ViewModelLayer.Models.Activities.ActivityListFilterData). 
2016-06-29 20:36:03.3393|Microsoft.AspNetCore.Mvc.ViewComponents.DefaultViewComponentInvoker|DEBUG|Executed view component TMS.Web.Components.Activities.ActivityList in 21.6262ms and returned Microsoft.AspNetCore.Mvc.ViewComponents.ViewViewComponentResult 
2016-06-29 20:36:03.3479|Microsoft.AspNetCore.Mvc.Razor.RazorViewEngine|DEBUG|View lookup cache miss for view 'Components/ActivityList/Default' in controller 'Areas'. 
2016-06-29 20:36:03.3679|Microsoft.AspNetCore.Mvc.Razor.Internal.RazorCompilationService|DEBUG|Code generation for the Razor file at '/Views/Shared/Components/ActivityList/Default.cshtml' started. 
2016-06-29 20:36:03.3769|Microsoft.AspNetCore.Mvc.Razor.Internal.RazorCompilationService|DEBUG|Code generation for the Razor file at '/Views/Shared/Components/ActivityList/Default.cshtml' completed in 4.9286ms. 
2016-06-29 20:36:03.3769|Microsoft.AspNetCore.Mvc.Razor.Internal.DefaultRoslynCompilationService|DEBUG|Compilation of the generated code for the Razor file at '/Views/Shared/Components/ActivityList/Default.cshtml' started. 
2016-06-29 20:36:03.4220|Microsoft.AspNetCore.Mvc.Razor.Internal.DefaultRoslynCompilationService|DEBUG|Compilation of the generated code for the Razor file at '/Views/Shared/Components/ActivityList/Default.cshtml' completed in 37.0914ms. 
2016-06-29 20:36:03.4430|Microsoft.AspNetCore.Mvc.Razor.RazorViewEngine|DEBUG|View lookup cache hit for view '_Layout' in controller 'Areas'. 
2016-06-29 20:36:03.4430|Microsoft.AspNetCore.Mvc.Razor.RazorViewEngine|DEBUG|View lookup cache hit for view '_LoginPartial' in controller 'Areas'. 
2016-06-29 20:36:03.4430|Microsoft.AspNetCore.DataProtection.KeyManagement.KeyRingBasedDataProtector|TRACE|Performing unprotect operation to key {55c92def-3ff2-4d01-b50a-5178147a8809} with purposes ('G:\TMS.Web\src\TMS.Web', 'Microsoft.AspNetCore.Antiforgery.AntiforgeryToken.v1'). 
2016-06-29 20:36:03.4550|Microsoft.AspNetCore.DataProtection.KeyManagement.KeyRingBasedDataProtector|TRACE|Performing protect operation to key {55c92def-3ff2-4d01-b50a-5178147a8809} with purposes ('G:\TMS.Web\src\TMS.Web', 'Microsoft.AspNetCore.Antiforgery.AntiforgeryToken.v1'). 
2016-06-29 20:36:03.4550|Microsoft.AspNetCore.Antiforgery.Internal.DefaultAntiforgery|DEBUG|An antiforgery cookie token was reused. 
2016-06-29 20:36:03.4550|Microsoft.AspNetCore.Mvc.Internal.ControllerActionInvoker|INFO|Executed action TMS.Web.Controllers.AreasController.Details (TMS.Web) in 673.5817ms 
2016-06-29 20:36:03.4711|Microsoft.AspNetCore.Hosting.Internal.WebHost|INFO|Request finished in 704.0709ms 200 text/html; charset=utf-8 
2016-06-29 20:36:03.4711|Microsoft.AspNetCore.Server.Kestrel|DEBUG|Connection id "0HKT0AIAC5BD7" completed keep alive response. 
2016-06-29 20:37:42.2730|Microsoft.AspNetCore.Server.Kestrel|DEBUG|Connection id "0HKT0AIAC5BD7" received FIN. 
2016-06-29 20:37:42.2830|Microsoft.AspNetCore.Server.Kestrel|DEBUG|Connection id "0HKT0AIAC5BD7" disconnecting. 
2016-06-29 20:37:42.2830|Microsoft.AspNetCore.Server.Kestrel|DEBUG|Connection id "0HKT0AIAC5BD7" sending FIN. 
2016-06-29 20:37:42.3070|Microsoft.AspNetCore.Server.Kestrel|DEBUG|Connection id "0HKT0AIAC5BD7" sent FIN with status "0". 
2016-06-29 20:37:42.3205|Microsoft.AspNetCore.Server.Kestrel|DEBUG|Connection id "0HKT0AIAC5BD7" stopped. 
