Process Id: 13628
Waiting for the debugger to attach...
Debugger attached.
info: Microsoft.Extensions.DependencyInjection.DataProtectionServices[0]
      User profile is available. Using 'C:\Users\Jack\AppData\Local\ASP.NET\DataProtection-Keys' as key repository and Windows DPAPI to encrypt keys at rest.
verb: Microsoft.AspNet.Hosting.Internal.HostingEngine[4]
      Hosting starting
verb: Microsoft.AspNet.Hosting.Internal.HostingEngine[5]
      Hosting started
Hosting environment: Development
Now listening on: http://localhost:5524
Application started. Press Ctrl+C to shut down.
info: Microsoft.AspNet.Hosting.Internal.HostingEngine[1]
      Request starting HTTP/1.1 GET http://localhost:5992/  
info: Microsoft.AspNet.Hosting.Internal.HostingEngine[1]
      Request starting HTTP/1.1 DEBUG http://localhost:5992/ text/html 
info: Microsoft.AspNet.Hosting.Internal.HostingEngine[2]
      Request finished in 0.0078ms 404 
info: Microsoft.AspNet.Hosting.Internal.HostingEngine[2]
      Request finished in 0.0062ms 404 
