warn: Microsoft.Extensions.DependencyInjection.DataProtectionServices[0]
      Neither user profile nor HKLM registry available. Using an ephemeral key repository. Protected data will be unavailable when application exits.
warn: Microsoft.AspNet.DataProtection.Repositories.EphemeralXmlRepository[0]
      Using an in-memory repository. Keys will not be persisted to storage.
verb: Microsoft.AspNet.Hosting.Internal.HostingEngine[4]
      Hosting starting
verb: Microsoft.AspNet.Hosting.Internal.HostingEngine[5]
      Hosting started
Hosting environment: Production
Now listening on: http://localhost:3094
Application started. Press Ctrl+C to shut down.
info: Microsoft.AspNet.Hosting.Internal.HostingEngine[1]
      Request starting HTTP/1.1 GET http://authserv.local/  
verb: Microsoft.AspNet.Routing.Template.TemplateRoute[0]
      Request successfully matched the route with name 'default' and template '{controller=Home}/{action=Index}/{id?}'.
verb: Microsoft.AspNet.Mvc.Infrastructure.MvcRouteHandler[3]
      No actions matched the current request
verb: Microsoft.AspNet.Builder.RouterMiddleware[0]
      Request did not match any routes.
info: Microsoft.AspNet.Hosting.Internal.HostingEngine[2]
      Request finished in 0.0422ms 404 
info: Microsoft.AspNet.Hosting.Internal.HostingEngine[1]
      Request starting HTTP/1.1 GET http://authserv.local/favicon.ico  
verb: Microsoft.AspNet.Routing.Template.TemplateRoute[0]
      Request successfully matched the route with name 'default' and template '{controller=Home}/{action=Index}/{id?}'.
verb: Microsoft.AspNet.Mvc.Infrastructure.MvcRouteHandler[3]
      No actions matched the current request
verb: Microsoft.AspNet.Builder.RouterMiddleware[0]
      Request did not match any routes.
info: Microsoft.AspNet.Hosting.Internal.HostingEngine[2]
      Request finished in 0ms 404 
